<html>
<body>
<pre>
<h1>Vision Build Log</h1>
<h2>Tool Versions:</h2>
IDE-Version: μVision V5.24.2.0
Copyright (C) 2017 ARM Ltd and ARM Germany GmbH. All rights reserved.
License Information:  AAA administractor Cheng, UESTC, LIC=585FJ-UB4B4-TG27T-REZSI-WFZ8W-PSI25
 
Tool Versions:
Toolchain:       MDK-ARM Plus  Version: 5.24.1
Toolchain Path:  C:\Keil_v5\ARM\ARMCC\Bin
C Compiler:      Armcc.exe V5.06 update 5 (build 528)
Assembler:       Armasm.exe V5.06 update 5 (build 528)
Linker/Locator:  ArmLink.exe V5.06 update 5 (build 528)
Library Manager: ArmAr.exe V5.06 update 5 (build 528)
Hex Converter:   FromElf.exe V5.06 update 5 (build 528)
CPU DLL:         SARMCM3.DLL V5.24.1
Dialog DLL:      DCM.DLL V1.16.0.0
Target DLL:      UL2CM3.DLL V1.160.3.0
Dialog DLL:      TCM.DLL V1.32.0.0
 
<h2>Project:</h2>
C:\Users\administractor Cheng\Desktop\四轴\挑战点\重构\rebuilt.uvprojx
Project File Date:  03/05/2025

<h2>Output:</h2>
*** Using Compiler 'V5.06 update 5 (build 528)', folder: 'C:\Keil_v5\ARM\ARMCC\Bin'
Rebuild target 'Target 1'
assembling startup_stm32f401xe.s...
assembling os_cpu_a.s...
compiling ucos_ii.c...
.\Port\os_cpu.h(18): error:  #70: incomplete type is not allowed
  void OSTCBInitHook{};
.\Port\os_cpu.h(18): error:  #65: expected a ";"
  void OSTCBInitHook{};
.\Port\os_cpu.h(19): error:  #70: incomplete type is not allowed
  void OSTaskCreateHook{};
.\Port\os_cpu.h(19): error:  #65: expected a ";"
  void OSTaskCreateHook{};
.\Core\ucos_ii.h(1398): error:  #147: declaration is incompatible with "<error-type> OSTaskCreateHook"  (declared at line 19 of ".\Port\os_cpu.h")
  void          OSTaskCreateHook        (OS_TCB          *ptcb);
.\Core\ucos_ii.h(1403): error:  #147-D: declaration is incompatible with "void OSTaskReturnHook()"  (declared at line 21 of ".\Port\os_cpu.h")
  void          OSTaskReturnHook        (OS_TCB          *ptcb);
.\Core\ucos_ii.h(1415): error:  #147: declaration is incompatible with "<error-type> OSTCBInitHook"  (declared at line 18 of ".\Port\os_cpu.h")
  void          OSTCBInitHook           (OS_TCB          *ptcb);
.\Core\os_core.c(1727): warning:  #223-D: function "OS_TASK_SW" declared implicitly
                  OS_TASK_SW();                          /* Perform a context switch                     */
.\Core\os_task.c(1329): warning:  #140-D: too many arguments in function call
      OSTaskReturnHook(OSTCBCur);                   /* Call hook to let user decide on what to do        */
Core\ucos_ii.c: 2 warnings, 7 errors
compiling system_stm32f4xx.c...
".\Objects\rebuilt.axf" - 7 Error(s), 2 Warning(s).

<h2>Software Packages used:</h2>

Package Vendor: Keil
                https://www.keil.com/pack/Keil.STM32F4xx_DFP.2.17.0.pack
                Keil.STM32F4xx_DFP.2.17.0
                STMicroelectronics STM32F4 Series Device Support, Drivers and Examples
   * Component: Startup Version: 2.6.3

<h2>Collection of Component include folders:</h2>
  .\RTE\_Target_1
  C:\Keil_v5\ARM\PACK\Keil\STM32F4xx_DFP\2.17.0\Drivers\CMSIS\Device\ST\STM32F4xx\Include

<h2>Collection of Component Files used:</h2>

   * Component: Keil::Device:Startup:2.6.3
      Source file:   MDK\Device\Source\ARM\STM32F401xx_OPT.s
      Source file:   MDK\Device\Source\ARM\STM32F4xx_OTP.s
      Include file:  Drivers\CMSIS\Device\ST\STM32F4xx\Include\stm32f4xx.h
      Source file:   Drivers\CMSIS\Device\ST\STM32F4xx\Source\Templates\arm\startup_stm32f401xe.s
      Source file:   Drivers\CMSIS\Device\ST\STM32F4xx\Source\Templates\system_stm32f4xx.c
Target not created.
Build Time Elapsed:  00:00:00
</pre>
</body>
</html>
